0 info it worked if it ends with ok
1 verbose cli [ '/Users/randyferrer/.nvm/versions/node/v6.7.0/bin/node',
1 verbose cli   '/Users/randyferrer/.nvm/versions/node/v6.7.0/bin/npm',
1 verbose cli   'run',
1 verbose cli   'start' ]
2 info using npm@3.10.3
3 info using node@v6.7.0
4 verbose run-script [ 'prestart', 'start', 'poststart' ]
5 info lifecycle React-Application@1.0.0~prestart: React-Application@1.0.0
6 silly lifecycle React-Application@1.0.0~prestart: no script for prestart, continuing
7 info lifecycle React-Application@1.0.0~start: React-Application@1.0.0
8 verbose lifecycle React-Application@1.0.0~start: unsafe-perm in lifecycle true
9 verbose lifecycle React-Application@1.0.0~start: PATH: /Users/randyferrer/.nvm/versions/node/v6.7.0/lib/node_modules/npm/bin/node-gyp-bin:/Users/randyferrer/Desktop/React Training Tyler/React.js Fundamentals V2/github-battle/node_modules/.bin:/Users/randyferrer/.nvm/versions/node/v6.7.0/bin:/usr/local/sbin:/Users/randyferrer/.nvm/versions/node/v6.7.0/bin:/usr/local/bin:/usr/bin:/bin:/usr/sbin:/sbin:/Users/randyferrer/bin:/usr/local/bin
10 verbose lifecycle React-Application@1.0.0~start: CWD: /Users/randyferrer/Desktop/React Training Tyler/React.js Fundamentals V2/github-battle
11 silly lifecycle React-Application@1.0.0~start: Args: [ '-c', 'webpack-dev-server --open' ]
12 silly lifecycle React-Application@1.0.0~start: Returned: code: 1  signal: null
13 info lifecycle React-Application@1.0.0~start: Failed to exec start script
14 verbose stack Error: React-Application@1.0.0 start: `webpack-dev-server --open`
14 verbose stack Exit status 1
14 verbose stack     at EventEmitter.<anonymous> (/Users/randyferrer/.nvm/versions/node/v6.7.0/lib/node_modules/npm/lib/utils/lifecycle.js:242:16)
14 verbose stack     at emitTwo (events.js:106:13)
14 verbose stack     at EventEmitter.emit (events.js:191:7)
14 verbose stack     at ChildProcess.<anonymous> (/Users/randyferrer/.nvm/versions/node/v6.7.0/lib/node_modules/npm/lib/utils/spawn.js:40:14)
14 verbose stack     at emitTwo (events.js:106:13)
14 verbose stack     at ChildProcess.emit (events.js:191:7)
14 verbose stack     at maybeClose (internal/child_process.js:877:16)
14 verbose stack     at Process.ChildProcess._handle.onexit (internal/child_process.js:226:5)
15 verbose pkgid React-Application@1.0.0
16 verbose cwd /Users/randyferrer/Desktop/React Training Tyler/React.js Fundamentals V2/github-battle
17 error Darwin 15.6.0
18 error argv "/Users/randyferrer/.nvm/versions/node/v6.7.0/bin/node" "/Users/randyferrer/.nvm/versions/node/v6.7.0/bin/npm" "run" "start"
19 error node v6.7.0
20 error npm  v3.10.3
21 error code ELIFECYCLE
22 error React-Application@1.0.0 start: `webpack-dev-server --open`
22 error Exit status 1
23 error Failed at the React-Application@1.0.0 start script 'webpack-dev-server --open'.
23 error Make sure you have the latest version of node.js and npm installed.
23 error If you do, this is most likely a problem with the React-Application package,
23 error not with npm itself.
23 error Tell the author that this fails on your system:
23 error     webpack-dev-server --open
23 error You can get information on how to open an issue for this project with:
23 error     npm bugs React-Application
23 error Or if that isn't available, you can get their info via:
23 error     npm owner ls React-Application
23 error There is likely additional logging output above.
24 verbose exit [ 1, true ]
